<?xml version="1.0" encoding="UTF-8"?>
<coverage generated="1695837747945" clover="3.2.0">
  <project timestamp="1695837747945" name="All files">
    <metrics statements="17" coveredstatements="17" conditionals="9" coveredconditionals="9" methods="1" coveredmethods="1" elements="27" coveredelements="27" complexity="0" loc="17" ncloc="17" packages="1" files="1" classes="1"/>
    <file name="index.js" path="/Users/laurelmclean/Desktop/ACS/Fall23/ACS3310/final-assignment/src/index.js">
      <metrics statements="17" coveredstatements="17" conditionals="9" coveredconditionals="9" methods="1" coveredmethods="1"/>
      <line num="2" count="23" type="cond" truecount="5" falsecount="0"/>
      <line num="3" count="4" type="stmt"/>
      <line num="5" count="19" type="stmt"/>
      <line num="6" count="19" type="cond" truecount="4" falsecount="0"/>
      <line num="8" count="5" type="stmt"/>
      <line num="10" count="5" type="stmt"/>
      <line num="12" count="5" type="stmt"/>
      <line num="14" count="4" type="stmt"/>
      <line num="17" count="1" type="stmt"/>
      <line num="18" count="1" type="stmt"/>
      <line num="19" count="1" type="stmt"/>
      <line num="20" count="1" type="stmt"/>
      <line num="21" count="1" type="stmt"/>
      <line num="22" count="1" type="stmt"/>
      <line num="23" count="1" type="stmt"/>
      <line num="24" count="1" type="stmt"/>
      <line num="25" count="1" type="stmt"/>
    </file>
  </project>
</coverage>
