{"/Users/laurelmclean/Desktop/ACS/Fall23/ACS3310/final-assignment/src/index.js": {"path":"/Users/laurelmclean/Desktop/ACS/Fall23/ACS3310/final-assignment/src/index.js","statementMap":{"0":{"start":{"line":2,"column":4},"end":{"line":4,"column":5}},"1":{"start":{"line":3,"column":8},"end":{"line":3,"column":36}},"2":{"start":{"line":5,"column":20},"end":{"line":5,"column":28}},"3":{"start":{"line":6,"column":4},"end":{"line":15,"column":5}},"4":{"start":{"line":8,"column":12},"end":{"line":8,"column":40}},"5":{"start":{"line":10,"column":12},"end":{"line":10,"column":40}},"6":{"start":{"line":12,"column":12},"end":{"line":12,"column":40}},"7":{"start":{"line":14,"column":12},"end":{"line":14,"column":40}},"8":{"start":{"line":17,"column":0},"end":{"line":17,"column":30}},"9":{"start":{"line":18,"column":0},"end":{"line":18,"column":30}},"10":{"start":{"line":19,"column":0},"end":{"line":19,"column":30}},"11":{"start":{"line":20,"column":0},"end":{"line":20,"column":30}},"12":{"start":{"line":21,"column":0},"end":{"line":21,"column":31}},"13":{"start":{"line":22,"column":0},"end":{"line":22,"column":32}},"14":{"start":{"line":23,"column":0},"end":{"line":23,"column":33}},"15":{"start":{"line":24,"column":0},"end":{"line":24,"column":32}},"16":{"start":{"line":25,"column":0},"end":{"line":25,"column":45}}},"fnMap":{"0":{"name":"ordinalSuffix","decl":{"start":{"line":1,"column":9},"end":{"line":1,"column":22}},"loc":{"start":{"line":1,"column":28},"end":{"line":16,"column":1}},"line":1}},"branchMap":{"0":{"loc":{"start":{"line":2,"column":4},"end":{"line":4,"column":5}},"type":"if","locations":[{"start":{"line":2,"column":4},"end":{"line":4,"column":5}},{"start":{},"end":{}}],"line":2},"1":{"loc":{"start":{"line":2,"column":8},"end":{"line":2,"column":46}},"type":"binary-expr","locations":[{"start":{"line":2,"column":8},"end":{"line":2,"column":18}},{"start":{"line":2,"column":22},"end":{"line":2,"column":32}},{"start":{"line":2,"column":36},"end":{"line":2,"column":46}}],"line":2},"2":{"loc":{"start":{"line":6,"column":4},"end":{"line":15,"column":5}},"type":"switch","locations":[{"start":{"line":7,"column":8},"end":{"line":8,"column":40}},{"start":{"line":9,"column":8},"end":{"line":10,"column":40}},{"start":{"line":11,"column":8},"end":{"line":12,"column":40}},{"start":{"line":13,"column":8},"end":{"line":14,"column":40}}],"line":6}},"s":{"0":23,"1":4,"2":19,"3":19,"4":5,"5":5,"6":5,"7":4,"8":1,"9":1,"10":1,"11":1,"12":1,"13":1,"14":1,"15":1,"16":1},"f":{"0":23},"b":{"0":[4,19],"1":[23,21,20],"2":[5,5,5,4]},"_coverageSchema":"1a1c01bbd47fc00a2c39e90264f33305004495a9","hash":"912245b0a92267284d35ad251b2d4e854bc524be"}
}
